{"type":"server-started","port":56406,"host":"127.0.0.1","url_host":"localhost","url":"http://localhost:56406","screen_dir":"/Users/priyatamv/projects/nextjs/morning-website/.superpowers/brainstorm/40463-1775906248/content","state_dir":"/Users/priyatamv/projects/nextjs/morning-website/.superpowers/brainstorm/40463-1775906248/state"}
{"type":"screen-added","file":"/Users/priyatamv/projects/nextjs/morning-website/.superpowers/brainstorm/40463-1775906248/content/hero-svg.html"}
{"source":"user-event","type":"click","text":"B — Card Stack (Fanned)\n      Three cards fanned behind each other, each with a different category color strip. Implies a collection, a daily habit. The depth suggests \"more where this came from.\"","choice":"b","id":null,"timestamp":1775906435895}
{"type":"screen-added","file":"/Users/priyatamv/projects/nextjs/morning-website/.superpowers/brainstorm/40463-1775906248/content/hero-svg-b-content.html"}
{"type":"screen-added","file":"/Users/priyatamv/projects/nextjs/morning-website/.superpowers/brainstorm/40463-1775906248/content/world-illustration.html"}
{"type":"screen-added","file":"/Users/priyatamv/projects/nextjs/morning-website/.superpowers/brainstorm/40463-1775906248/content/waiting-1.html"}
{"type":"screen-added","file":"/Users/priyatamv/projects/nextjs/morning-website/.superpowers/brainstorm/40463-1775906248/content/design-review.html"}
{"type":"screen-added","file":"/Users/priyatamv/projects/nextjs/morning-website/.superpowers/brainstorm/40463-1775906248/content/hero-directions.html"}
{"type":"screen-added","file":"/Users/priyatamv/projects/nextjs/morning-website/.superpowers/brainstorm/40463-1775906248/content/final-review.html"}
{"type":"screen-added","file":"/Users/priyatamv/projects/nextjs/morning-website/.superpowers/brainstorm/40463-1775906248/content/hero-headlines.html"}
{"type":"screen-added","file":"/Users/priyatamv/projects/nextjs/morning-website/.superpowers/brainstorm/40463-1775906248/content/card-animation.html"}
{"type":"screen-added","file":"/Users/priyatamv/projects/nextjs/morning-website/.superpowers/brainstorm/40463-1775906248/content/hero-phone-mockup.html"}
{"type":"screen-added","file":"/Users/priyatamv/projects/nextjs/morning-website/.superpowers/brainstorm/40463-1775906248/content/hero-phone-mockup-v2.html"}
{"type":"screen-added","file":"/Users/priyatamv/projects/nextjs/morning-website/.superpowers/brainstorm/40463-1775906248/content/hero-phone-mockup-v3.html"}
{"type":"screen-added","file":"/Users/priyatamv/projects/nextjs/morning-website/.superpowers/brainstorm/40463-1775906248/content/waiting-2.html"}
{"type":"screen-added","file":"/Users/priyatamv/projects/nextjs/morning-website/.superpowers/brainstorm/40463-1775906248/content/contrast-directions.html"}
{"type":"screen-added","file":"/Users/priyatamv/projects/nextjs/morning-website/.superpowers/brainstorm/40463-1775906248/content/contrast-b-copy.html"}
{"type":"screen-added","file":"/Users/priyatamv/projects/nextjs/morning-website/.superpowers/brainstorm/40463-1775906248/content/contrast-final.html"}
{"type":"screen-added","file":"/Users/priyatamv/projects/nextjs/morning-website/.superpowers/brainstorm/40463-1775906248/content/philosophy-current.html"}
{"type":"screen-added","file":"/Users/priyatamv/projects/nextjs/morning-website/.superpowers/brainstorm/40463-1775906248/content/philosophy-variations.html"}
{"type":"screen-added","file":"/Users/priyatamv/projects/nextjs/morning-website/.superpowers/brainstorm/40463-1775906248/content/worlds-current.html"}
{"type":"server-stopped","reason":"idle timeout"}
